<?xml version="1.0" encoding="UTF-8"?>
<testsuite name="demo.AppTest" tests="1" skipped="0" failures="0" errors="0" timestamp="2021-03-11T08:18:15" hostname="iptcp-desktop" time="0.003">
  <properties/>
  <testcase name="testAppHasAGreeting" classname="demo.AppTest" time="0.003"/>
  <system-out><![CDATA[]]></system-out>
  <system-err><![CDATA[]]></system-err>
</testsuite>
